2026-04-10 15:16:25,638 [CRITICAL] Starting Building gui
2026-04-10 15:16:25,658 [CRITICAL] Gui Build
2026-04-10 15:26:04,753 [CRITICAL] Starting Building gui
2026-04-10 15:26:04,767 [CRITICAL] Gui Build
2026-04-10 15:26:07,620 [CRITICAL] set_btn_cp_fd_aircraft: True
2026-04-10 15:26:08,980 [CRITICAL] set_btn_cp_fd_aircraft: True
2026-04-10 15:27:39,427 [CRITICAL] Starting Building gui
2026-04-10 15:27:39,441 [CRITICAL] Gui Build
2026-04-10 15:27:42,027 [CRITICAL] set_btn_cp_fd_aircraft: True
2026-04-10 15:27:45,353 [CRITICAL] set_btn_cp_fd_aircraft: True
2026-04-10 15:28:59,612 [CRITICAL] Starting Building gui
2026-04-10 15:28:59,634 [CRITICAL] Gui Build
2026-04-10 15:29:04,566 [CRITICAL] Sock Lan: True
2026-04-10 15:29:10,181 [CRITICAL] Data FOUND: b'KCPF\x00CPFCU320_PRO611\x00'
2026-04-10 15:29:10,182 [CRITICAL] FW NOT COMP
2026-04-10 15:29:10,182 [CRITICAL] Trying KCPFCPFCU320_PRO611
2026-04-10 15:29:10,184 [CRITICAL] What Command: None - KCPFCPFCU320_PRO611
2026-04-10 15:29:10,640 [CRITICAL] Data FOUND: b'MOD485EFI1EFI2\x00'
2026-04-10 15:29:10,641 [CRITICAL] Trying MOD485EFI1EFI2
2026-04-10 15:29:10,641 [CRITICAL] What Command: None - MOD485EFI1EFI2
2026-04-10 15:29:10,940 [CRITICAL] Data FOUND: b'CHIAVE0091124\x00'
2026-04-10 15:29:10,941 [CRITICAL] Trying CHIAVE0091124
2026-04-10 15:29:10,941 [CRITICAL] What Command: None - CHIAVE0091124
2026-04-10 15:29:11,216 [CRITICAL] Data FOUND: b'V01 000\x00'
2026-04-10 15:29:11,216 [CRITICAL] Trying V01 000
2026-04-10 15:29:11,216 [CRITICAL] What Command: None - V01 000
2026-04-10 15:29:11,270 [CRITICAL] Data FOUND: b'K063\x00'
2026-04-10 15:29:11,270 [CRITICAL] Trying K063
2026-04-10 15:29:11,270 [CRITICAL] What Command: btn_cp_hPa - K063
2026-04-10 15:29:11,270 [CRITICAL] Method: set_btn_cp_hPa_aircraft
2026-04-10 15:29:12,354 [CRITICAL] Data FOUND: b'K163\x00M004\x00M014\x00S001\x00K172\x00K074\x00K175\x00K071\x00'
2026-04-10 15:29:12,354 [CRITICAL] Trying K163M004M014S001K172K074K175K071
2026-04-10 15:29:12,354 [CRITICAL] What Command: btn_fo_hPa - K163M004M014S001K172K074K175K071
2026-04-10 15:29:12,354 [CRITICAL] Method: set_btn_fo_hPa_aircraft
2026-04-10 15:29:17,528 [CRITICAL] set_btn_cp_fd_aircraft: False
2026-04-10 15:29:18,049 [CRITICAL] CP FD EL (L:S_FCU_EFIS1_FD): None
2026-04-10 15:29:18,050 [CRITICAL] CP FD LED status True -> False will be E0L1137
2026-04-10 15:29:19,056 [CRITICAL] Data FOUND: b'INT1000\x00'
2026-04-10 15:29:19,056 [CRITICAL] Trying INT1000
2026-04-10 15:29:19,057 [CRITICAL] What Command: btn_int1000 - INT1000
2026-04-10 15:29:19,057 [CRITICAL] Method: set_btn_int1000_aircraft
2026-04-10 15:29:23,726 [CRITICAL] set_btn_cp_fd_aircraft: True
2026-04-10 15:29:24,240 [CRITICAL] CP FD EL (L:S_FCU_EFIS1_FD): None
2026-04-10 15:29:24,240 [CRITICAL] CP FD LED status False -> True will be E0L0137
2026-04-10 15:29:27,065 [CRITICAL] set_btn_cp_fd_aircraft: False
2026-04-10 15:29:27,583 [CRITICAL] CP FD EL (L:S_FCU_EFIS1_FD): None
2026-04-10 15:29:27,583 [CRITICAL] CP FD LED status True -> False will be E0L1137
2026-04-10 15:29:28,104 [CRITICAL] int() argument must be a string, a bytes-like object or a real number, not 'NoneType'
2026-04-10 15:29:28,224 [CRITICAL] set_btn_cp_fd_aircraft: True
2026-04-10 15:29:28,740 [CRITICAL] CP FD EL (L:S_FCU_EFIS1_FD): None
2026-04-10 15:29:28,740 [CRITICAL] CP FD LED status False -> True will be E0L0137
2026-04-10 15:29:29,516 [CRITICAL] set_btn_cp_fd_aircraft: False
2026-04-10 15:29:30,032 [CRITICAL] CP FD EL (L:S_FCU_EFIS1_FD): None
2026-04-10 15:29:30,032 [CRITICAL] CP FD LED status True -> False will be E0L1137
2026-04-10 15:29:30,757 [CRITICAL] set_btn_cp_fd_aircraft: True
2026-04-10 15:29:31,272 [CRITICAL] CP FD EL (L:S_FCU_EFIS1_FD): None
2026-04-10 15:29:31,272 [CRITICAL] CP FD LED status False -> True will be E0L0137
2026-04-10 15:29:31,825 [CRITICAL] set_btn_cp_fd_aircraft: False
2026-04-10 15:29:32,343 [CRITICAL] CP FD EL (L:S_FCU_EFIS1_FD): None
2026-04-10 15:29:32,343 [CRITICAL] CP FD LED status True -> False will be E0L1137
2026-04-10 15:29:32,840 [CRITICAL] set_btn_cp_fd_aircraft: True
2026-04-10 15:29:33,362 [CRITICAL] CP FD EL (L:S_FCU_EFIS1_FD): None
2026-04-10 15:29:33,362 [CRITICAL] CP FD LED status False -> True will be E0L0137
2026-04-10 15:31:11,930 [CRITICAL] Starting Building gui
2026-04-10 15:31:11,944 [CRITICAL] Gui Build
2026-04-10 15:31:13,256 [CRITICAL] Sock Lan: True
2026-04-10 15:31:18,661 [CRITICAL] Data FOUND: b'KCPF\x00CPFCU320_PRO611\x00'
2026-04-10 15:31:18,662 [CRITICAL] FW NOT COMP
2026-04-10 15:31:18,662 [CRITICAL] Trying KCPFCPFCU320_PRO611
2026-04-10 15:31:18,666 [CRITICAL] What Command: None - KCPFCPFCU320_PRO611
2026-04-10 15:31:19,187 [CRITICAL] Data FOUND: b'MOD485EFI1EFI2\x00'
2026-04-10 15:31:19,188 [CRITICAL] Trying MOD485EFI1EFI2
2026-04-10 15:31:19,188 [CRITICAL] What Command: None - MOD485EFI1EFI2
2026-04-10 15:31:19,468 [CRITICAL] Data FOUND: b'CHIAVE0091124\x00'
2026-04-10 15:31:19,469 [CRITICAL] Trying CHIAVE0091124
2026-04-10 15:31:19,469 [CRITICAL] What Command: None - CHIAVE0091124
2026-04-10 15:31:19,744 [CRITICAL] Data FOUND: b'V01 000\x00'
2026-04-10 15:31:19,744 [CRITICAL] Trying V01 000
2026-04-10 15:31:19,744 [CRITICAL] What Command: None - V01 000
2026-04-10 15:31:19,798 [CRITICAL] Data FOUND: b'K063\x00'
2026-04-10 15:31:19,798 [CRITICAL] Trying K063
2026-04-10 15:31:19,798 [CRITICAL] What Command: btn_cp_hPa - K063
2026-04-10 15:31:19,798 [CRITICAL] Method: set_btn_cp_hPa_aircraft
2026-04-10 15:31:20,885 [CRITICAL] Data FOUND: b'K163\x00M004\x00M014\x00S001\x00K172\x00K074\x00K175\x00K071\x00'
2026-04-10 15:31:20,885 [CRITICAL] Trying K163M004M014S001K172K074K175K071
2026-04-10 15:31:20,885 [CRITICAL] What Command: btn_fo_hPa - K163M004M014S001K172K074K175K071
2026-04-10 15:31:20,885 [CRITICAL] Method: set_btn_fo_hPa_aircraft
2026-04-10 15:31:27,552 [CRITICAL] Data FOUND: b'INT1000\x00'
2026-04-10 15:31:27,552 [CRITICAL] Trying INT1000
2026-04-10 15:31:27,552 [CRITICAL] What Command: btn_int1000 - INT1000
2026-04-10 15:31:27,553 [CRITICAL] Method: set_btn_int1000_aircraft
2026-04-10 15:31:28,296 [CRITICAL] BUTTON LED PRESSED!!!
2026-04-10 15:31:28,296 [CRITICAL] set_btn_cp_fd_aircraft: False
2026-04-10 15:31:28,813 [CRITICAL] CP FD EL (L:S_FCU_EFIS1_FD): None
2026-04-10 15:31:28,814 [CRITICAL] CP FD LED status True -> False will be E0L1137
2026-04-10 15:31:31,900 [CRITICAL] BUTTON LED PRESSED!!!
2026-04-10 15:31:31,900 [CRITICAL] set_btn_cp_fd_aircraft: True
2026-04-10 15:31:32,413 [CRITICAL] CP FD EL (L:S_FCU_EFIS1_FD): None
2026-04-10 15:31:32,414 [CRITICAL] CP FD LED status False -> True will be E0L0137
2026-04-10 15:31:34,007 [CRITICAL] BUTTON LED PRESSED!!!
2026-04-10 15:31:34,008 [CRITICAL] set_btn_cp_fd_aircraft: False
2026-04-10 15:31:34,526 [CRITICAL] CP FD EL (L:S_FCU_EFIS1_FD): None
2026-04-10 15:31:34,526 [CRITICAL] CP FD LED status True -> False will be E0L1137
2026-04-10 15:31:34,906 [CRITICAL] BUTTON LED PRESSED!!!
2026-04-10 15:31:34,906 [CRITICAL] set_btn_cp_fd_aircraft: True
2026-04-10 15:31:35,423 [CRITICAL] CP FD EL (L:S_FCU_EFIS1_FD): None
2026-04-10 15:31:35,423 [CRITICAL] CP FD LED status False -> True will be E0L0137
2026-04-10 15:31:35,536 [CRITICAL] BUTTON LED PRESSED!!!
2026-04-10 15:31:35,536 [CRITICAL] set_btn_cp_fd_aircraft: False
2026-04-10 15:31:36,055 [CRITICAL] CP FD EL (L:S_FCU_EFIS1_FD): None
2026-04-10 15:31:36,055 [CRITICAL] CP FD LED status True -> False will be E0L1137
2026-04-10 15:31:36,056 [CRITICAL] BUTTON LED PRESSED!!!
2026-04-10 15:31:36,056 [CRITICAL] set_btn_cp_fd_aircraft: True
2026-04-10 15:31:36,577 [CRITICAL] CP FD EL (L:S_FCU_EFIS1_FD): None
2026-04-10 15:31:36,577 [CRITICAL] CP FD LED status False -> True will be E0L0137
2026-04-10 15:31:36,577 [CRITICAL] BUTTON LED PRESSED!!!
2026-04-10 15:31:36,578 [CRITICAL] set_btn_cp_fd_aircraft: False
2026-04-10 15:31:37,095 [CRITICAL] CP FD EL (L:S_FCU_EFIS1_FD): None
2026-04-10 15:31:37,095 [CRITICAL] CP FD LED status True -> False will be E0L1137
2026-04-10 15:31:37,096 [CRITICAL] BUTTON LED PRESSED!!!
2026-04-10 15:31:37,096 [CRITICAL] set_btn_cp_fd_aircraft: True
2026-04-10 15:31:37,097 [CRITICAL] int() argument must be a string, a bytes-like object or a real number, not 'NoneType'
2026-04-10 15:31:37,615 [CRITICAL] CP FD EL (L:S_FCU_EFIS1_FD): None
2026-04-10 15:31:37,615 [CRITICAL] CP FD LED status False -> True will be E0L0137
2026-04-10 15:31:37,616 [CRITICAL] BUTTON LED PRESSED!!!
2026-04-10 15:31:37,616 [CRITICAL] set_btn_cp_fd_aircraft: False
2026-04-10 15:31:38,133 [CRITICAL] CP FD EL (L:S_FCU_EFIS1_FD): None
2026-04-10 15:31:38,133 [CRITICAL] CP FD LED status True -> False will be E0L1137
2026-04-10 15:31:38,136 [CRITICAL] BUTTON LED PRESSED!!!
2026-04-10 15:31:38,136 [CRITICAL] set_btn_cp_fd_aircraft: True
2026-04-10 15:31:38,654 [CRITICAL] CP FD EL (L:S_FCU_EFIS1_FD): None
2026-04-10 15:31:38,654 [CRITICAL] CP FD LED status False -> True will be E0L0137
2026-04-10 15:31:38,656 [CRITICAL] BUTTON LED PRESSED!!!
2026-04-10 15:31:38,657 [CRITICAL] set_btn_cp_fd_aircraft: False
2026-04-10 15:31:39,172 [CRITICAL] CP FD EL (L:S_FCU_EFIS1_FD): None
2026-04-10 15:31:39,172 [CRITICAL] CP FD LED status True -> False will be E0L1137
2026-04-10 15:31:39,173 [CRITICAL] BUTTON LED PRESSED!!!
2026-04-10 15:31:39,173 [CRITICAL] set_btn_cp_fd_aircraft: True
2026-04-10 15:31:39,690 [CRITICAL] CP FD EL (L:S_FCU_EFIS1_FD): None
2026-04-10 15:31:39,691 [CRITICAL] CP FD LED status False -> True will be E0L0137
2026-04-10 15:31:39,693 [CRITICAL] BUTTON LED PRESSED!!!
2026-04-10 15:31:39,693 [CRITICAL] set_btn_cp_fd_aircraft: False
2026-04-10 15:31:40,208 [CRITICAL] CP FD EL (L:S_FCU_EFIS1_FD): None
2026-04-10 15:31:40,209 [CRITICAL] CP FD LED status True -> False will be E0L1137
2026-04-10 15:31:40,211 [CRITICAL] BUTTON LED PRESSED!!!
2026-04-10 15:31:40,211 [CRITICAL] set_btn_cp_fd_aircraft: True
2026-04-10 15:31:40,725 [CRITICAL] CP FD EL (L:S_FCU_EFIS1_FD): None
2026-04-10 15:31:40,725 [CRITICAL] CP FD LED status False -> True will be E0L0137
2026-04-10 15:31:40,726 [CRITICAL] BUTTON LED PRESSED!!!
2026-04-10 15:31:40,726 [CRITICAL] set_btn_cp_fd_aircraft: False
2026-04-10 15:31:41,240 [CRITICAL] CP FD EL (L:S_FCU_EFIS1_FD): None
2026-04-10 15:31:41,240 [CRITICAL] CP FD LED status True -> False will be E0L1137
2026-04-10 15:31:41,241 [CRITICAL] BUTTON LED PRESSED!!!
2026-04-10 15:31:41,241 [CRITICAL] set_btn_cp_fd_aircraft: True
2026-04-10 15:31:41,754 [CRITICAL] CP FD EL (L:S_FCU_EFIS1_FD): None
2026-04-10 15:31:41,754 [CRITICAL] CP FD LED status False -> True will be E0L0137
2026-04-10 15:31:41,755 [CRITICAL] BUTTON LED PRESSED!!!
2026-04-10 15:31:41,755 [CRITICAL] set_btn_cp_fd_aircraft: False
2026-04-10 15:31:42,272 [CRITICAL] CP FD EL (L:S_FCU_EFIS1_FD): None
2026-04-10 15:31:42,273 [CRITICAL] CP FD LED status True -> False will be E0L1137
2026-04-10 15:31:42,274 [CRITICAL] BUTTON LED PRESSED!!!
2026-04-10 15:31:42,274 [CRITICAL] set_btn_cp_fd_aircraft: True
2026-04-10 15:31:42,790 [CRITICAL] CP FD EL (L:S_FCU_EFIS1_FD): None
2026-04-10 15:31:42,791 [CRITICAL] CP FD LED status False -> True will be E0L0137
2026-04-10 15:31:42,791 [CRITICAL] BUTTON LED PRESSED!!!
2026-04-10 15:31:42,792 [CRITICAL] set_btn_cp_fd_aircraft: False
2026-04-10 15:31:43,307 [CRITICAL] CP FD EL (L:S_FCU_EFIS1_FD): None
2026-04-10 15:31:43,307 [CRITICAL] CP FD LED status True -> False will be E0L1137
2026-04-10 15:38:05,831 [CRITICAL] Starting Building gui
2026-04-10 15:38:05,846 [CRITICAL] Gui Build
2026-04-10 15:41:49,499 [CRITICAL] Starting Building gui
2026-04-10 15:42:24,532 [CRITICAL] Starting Building gui
2026-04-10 15:42:32,191 [CRITICAL] Starting Building gui
2026-04-10 15:42:32,206 [CRITICAL] Gui Build
2026-04-10 15:42:44,190 [CRITICAL] Starting Building gui
2026-04-10 15:42:44,204 [CRITICAL] Gui Build
2026-04-10 15:48:03,475 [CRITICAL] Starting Building gui
2026-04-10 15:48:03,492 [CRITICAL] Gui Build
2026-04-10 15:48:07,667 [CRITICAL] Sock Lan: True
2026-04-10 15:48:13,202 [CRITICAL] Data FOUND: b'KCPF\x00CPFCU320_PRO611\x00'
2026-04-10 15:48:13,202 [CRITICAL] FW NOT COMP
2026-04-10 15:48:13,202 [CRITICAL] Trying KCPFCPFCU320_PRO611
2026-04-10 15:48:13,203 [CRITICAL] What Command: None - KCPFCPFCU320_PRO611
2026-04-10 15:48:13,730 [CRITICAL] Data FOUND: b'MOD485EFI1EFI2\x00'
2026-04-10 15:48:13,730 [CRITICAL] Trying MOD485EFI1EFI2
2026-04-10 15:48:13,730 [CRITICAL] What Command: None - MOD485EFI1EFI2
2026-04-10 15:48:13,985 [CRITICAL] Data FOUND: b'CHIAVE0091124\x00'
2026-04-10 15:48:13,985 [CRITICAL] Trying CHIAVE0091124
2026-04-10 15:48:13,985 [CRITICAL] What Command: None - CHIAVE0091124
2026-04-10 15:48:14,259 [CRITICAL] Data FOUND: b'V01 000\x00'
2026-04-10 15:48:14,260 [CRITICAL] Trying V01 000
2026-04-10 15:48:14,260 [CRITICAL] What Command: None - V01 000
2026-04-10 15:48:14,310 [CRITICAL] Data FOUND: b'K063\x00'
2026-04-10 15:48:14,310 [CRITICAL] Trying K063
2026-04-10 15:48:14,310 [CRITICAL] What Command: btn_cp_hPa - K063
2026-04-10 15:48:14,310 [CRITICAL] Method: set_btn_cp_hPa_aircraft
2026-04-10 15:48:15,396 [CRITICAL] Data FOUND: b'K163\x00M004\x00M014\x00S001\x00K172\x00K074\x00K175\x00K071\x00'
2026-04-10 15:48:15,397 [CRITICAL] Trying K163M004M014S001K172K074K175K071
2026-04-10 15:48:15,397 [CRITICAL] What Command: btn_fo_hPa - K163M004M014S001K172K074K175K071
2026-04-10 15:48:15,397 [CRITICAL] Method: set_btn_fo_hPa_aircraft
2026-04-10 15:48:20,170 [CRITICAL] CMD ENCODE SENT E0L0137
2026-04-10 15:48:22,101 [CRITICAL] Data FOUND: b'INT1000\x00'
2026-04-10 15:48:22,101 [CRITICAL] Trying INT1000
2026-04-10 15:48:22,102 [CRITICAL] What Command: btn_int1000 - INT1000
2026-04-10 15:48:22,102 [CRITICAL] Method: set_btn_int1000_aircraft
2026-04-10 15:48:26,933 [CRITICAL] CMD ENCODE SENT E0L0137
2026-04-10 15:48:31,027 [CRITICAL] int() argument must be a string, a bytes-like object or a real number, not 'NoneType'
2026-04-10 15:48:40,333 [CRITICAL] int() argument must be a string, a bytes-like object or a real number, not 'NoneType'
2026-04-10 15:48:49,627 [CRITICAL] int() argument must be a string, a bytes-like object or a real number, not 'NoneType'
2026-04-10 15:48:58,935 [CRITICAL] int() argument must be a string, a bytes-like object or a real number, not 'NoneType'
2026-04-10 15:49:08,247 [CRITICAL] int() argument must be a string, a bytes-like object or a real number, not 'NoneType'
2026-04-10 15:49:17,545 [CRITICAL] int() argument must be a string, a bytes-like object or a real number, not 'NoneType'
2026-04-10 15:49:26,848 [CRITICAL] int() argument must be a string, a bytes-like object or a real number, not 'NoneType'
2026-04-10 15:49:36,175 [CRITICAL] int() argument must be a string, a bytes-like object or a real number, not 'NoneType'
2026-04-10 15:49:45,863 [CRITICAL] Starting Building gui
2026-04-10 15:49:45,891 [CRITICAL] Gui Build
2026-04-10 15:49:55,750 [CRITICAL] Sock Lan: True
2026-04-10 15:50:01,306 [CRITICAL] Data FOUND: b'KCPF\x00CPFCU320_PRO611\x00'
2026-04-10 15:50:01,307 [CRITICAL] FW NOT COMP
2026-04-10 15:50:01,307 [CRITICAL] Trying KCPFCPFCU320_PRO611
2026-04-10 15:50:01,313 [CRITICAL] What Command: None - KCPFCPFCU320_PRO611
2026-04-10 15:50:01,829 [CRITICAL] Data FOUND: b'MOD485EFI1EFI2\x00'
2026-04-10 15:50:01,829 [CRITICAL] Trying MOD485EFI1EFI2
2026-04-10 15:50:01,829 [CRITICAL] What Command: None - MOD485EFI1EFI2
2026-04-10 15:50:02,113 [CRITICAL] Data FOUND: b'CHIAVE0091124\x00'
2026-04-10 15:50:02,113 [CRITICAL] Trying CHIAVE0091124
2026-04-10 15:50:02,113 [CRITICAL] What Command: None - CHIAVE0091124
2026-04-10 15:50:02,389 [CRITICAL] Data FOUND: b'V01 000\x00'
2026-04-10 15:50:02,389 [CRITICAL] Trying V01 000
2026-04-10 15:50:02,389 [CRITICAL] What Command: None - V01 000
2026-04-10 15:50:02,443 [CRITICAL] Data FOUND: b'K063\x00'
2026-04-10 15:50:02,443 [CRITICAL] Trying K063
2026-04-10 15:50:02,443 [CRITICAL] What Command: btn_cp_hPa - K063
2026-04-10 15:50:02,443 [CRITICAL] Method: set_btn_cp_hPa_aircraft
2026-04-10 15:50:03,527 [CRITICAL] Data FOUND: b'K163\x00M004\x00M014\x00S001\x00K172\x00K074\x00K175\x00K071\x00'
2026-04-10 15:50:03,527 [CRITICAL] Trying K163M004M014S001K172K074K175K071
2026-04-10 15:50:03,527 [CRITICAL] What Command: btn_fo_hPa - K163M004M014S001K172K074K175K071
2026-04-10 15:50:03,528 [CRITICAL] Method: set_btn_fo_hPa_aircraft
2026-04-10 15:50:05,985 [CRITICAL] CMD ENCODE SENT E0L0149
2026-04-10 15:50:08,235 [CRITICAL] CMD ENCODE SENT E0L0149
2026-04-10 15:50:10,237 [CRITICAL] Data FOUND: b'INT1000\x00'
2026-04-10 15:50:10,237 [CRITICAL] Trying INT1000
2026-04-10 15:50:10,238 [CRITICAL] What Command: btn_int1000 - INT1000
2026-04-10 15:50:10,238 [CRITICAL] Method: set_btn_int1000_aircraft
2026-04-10 15:50:10,434 [CRITICAL] CMD NOT ENCODE SENT E0L0149
2026-04-10 15:50:10,596 [CRITICAL] CMD NOT ENCODE SENT E0L0149
2026-04-10 15:50:13,356 [CRITICAL] CMD NOT ENCODE SENT E0L0149
2026-04-10 15:50:19,061 [CRITICAL] int() argument must be a string, a bytes-like object or a real number, not 'NoneType'
2026-04-10 15:50:19,721 [CRITICAL] CMD not end eof SENT E0L0149
2026-04-10 15:50:22,661 [CRITICAL] CMD NOT ENCODE and not end eof SENT E0L0149
2026-04-10 15:50:25,349 [CRITICAL] CMD ENCODE SENT E0L0149
2026-04-10 15:50:28,359 [CRITICAL] int() argument must be a string, a bytes-like object or a real number, not 'NoneType'
2026-04-10 15:50:37,658 [CRITICAL] int() argument must be a string, a bytes-like object or a real number, not 'NoneType'
2026-04-10 15:50:46,963 [CRITICAL] int() argument must be a string, a bytes-like object or a real number, not 'NoneType'
2026-04-10 15:50:56,282 [CRITICAL] int() argument must be a string, a bytes-like object or a real number, not 'NoneType'
2026-04-10 15:51:05,595 [CRITICAL] int() argument must be a string, a bytes-like object or a real number, not 'NoneType'
2026-04-10 15:51:14,905 [CRITICAL] int() argument must be a string, a bytes-like object or a real number, not 'NoneType'
2026-04-10 15:51:24,216 [CRITICAL] int() argument must be a string, a bytes-like object or a real number, not 'NoneType'
2026-04-10 15:51:33,538 [CRITICAL] int() argument must be a string, a bytes-like object or a real number, not 'NoneType'
2026-04-10 15:51:42,882 [CRITICAL] int() argument must be a string, a bytes-like object or a real number, not 'NoneType'
2026-04-10 15:51:53,717 [CRITICAL] 'NoneType' object has no attribute 'get'
2026-04-10 15:51:56,447 [CRITICAL] Sock Lan: True
2026-04-10 15:52:01,916 [CRITICAL] Data FOUND: b'KCPF\x00CPFCU320_PRO611\x00'
2026-04-10 15:52:01,916 [CRITICAL] Trying KCPFCPFCU320_PRO611
2026-04-10 15:52:01,917 [CRITICAL] What Command: None - KCPFCPFCU320_PRO611
2026-04-10 15:52:02,375 [CRITICAL] Data FOUND: b'MOD485EFI1EFI2\x00'
2026-04-10 15:52:02,376 [CRITICAL] Trying MOD485EFI1EFI2
2026-04-10 15:52:02,376 [CRITICAL] What Command: None - MOD485EFI1EFI2
2026-04-10 15:52:02,675 [CRITICAL] Data FOUND: b'CHIAVE0091124\x00'
2026-04-10 15:52:02,675 [CRITICAL] Trying CHIAVE0091124
2026-04-10 15:52:02,675 [CRITICAL] What Command: None - CHIAVE0091124
2026-04-10 15:52:02,950 [CRITICAL] Data FOUND: b'V01 000\x00'
2026-04-10 15:52:02,951 [CRITICAL] Trying V01 000
2026-04-10 15:52:02,951 [CRITICAL] What Command: None - V01 000
2026-04-10 15:52:03,004 [CRITICAL] Data FOUND: b'K063\x00'
2026-04-10 15:52:03,004 [CRITICAL] Trying K063
2026-04-10 15:52:03,004 [CRITICAL] What Command: btn_cp_hPa - K063
2026-04-10 15:52:03,004 [CRITICAL] Method: set_btn_cp_hPa_aircraft
2026-04-10 15:52:04,097 [CRITICAL] Data FOUND: b'K163\x00M004\x00M014\x00S001\x00K172\x00K074\x00K175\x00K071\x00'
2026-04-10 15:52:04,097 [CRITICAL] Trying K163M004M014S001K172K074K175K071
2026-04-10 15:52:04,097 [CRITICAL] What Command: btn_fo_hPa - K163M004M014S001K172K074K175K071
2026-04-10 15:52:04,097 [CRITICAL] Method: set_btn_fo_hPa_aircraft
2026-04-10 15:52:10,730 [CRITICAL] Data FOUND: b'INT1000\x00'
2026-04-10 15:52:10,730 [CRITICAL] Trying INT1000
2026-04-10 15:52:10,730 [CRITICAL] What Command: btn_int1000 - INT1000
2026-04-10 15:52:10,730 [CRITICAL] Method: set_btn_int1000_aircraft
2026-04-10 15:52:15,223 [CRITICAL] CMD ENCODE SENT E0L0149
2026-04-10 15:52:20,494 [CRITICAL] 'NoneType' object has no attribute 'get'
2026-04-10 15:52:23,125 [CRITICAL] Starting Building gui
2026-04-10 15:52:23,145 [CRITICAL] Gui Build
2026-04-10 15:52:32,378 [CRITICAL] Sock Lan: True
2026-04-10 15:52:37,848 [CRITICAL] Data FOUND: b'KCPF\x00CPFCU320_PRO611\x00'
2026-04-10 15:52:37,849 [CRITICAL] FW NOT COMP
2026-04-10 15:52:37,849 [CRITICAL] Trying KCPFCPFCU320_PRO611
2026-04-10 15:52:37,854 [CRITICAL] What Command: None - KCPFCPFCU320_PRO611
2026-04-10 15:52:38,383 [CRITICAL] Data FOUND: b'MOD485EFI1EFI2\x00'
2026-04-10 15:52:38,383 [CRITICAL] Trying MOD485EFI1EFI2
2026-04-10 15:52:38,383 [CRITICAL] What Command: None - MOD485EFI1EFI2
2026-04-10 15:52:38,641 [CRITICAL] Data FOUND: b'CHIAVE0091124\x00'
2026-04-10 15:52:38,641 [CRITICAL] Trying CHIAVE0091124
2026-04-10 15:52:38,641 [CRITICAL] What Command: None - CHIAVE0091124
2026-04-10 15:52:38,917 [CRITICAL] Data FOUND: b'V01 000\x00'
2026-04-10 15:52:38,917 [CRITICAL] Trying V01 000
2026-04-10 15:52:38,917 [CRITICAL] What Command: None - V01 000
2026-04-10 15:52:38,964 [CRITICAL] CMD ENCODE SENT E0L0149
2026-04-10 15:52:38,970 [CRITICAL] Data FOUND: b'K063\x00'
2026-04-10 15:52:38,970 [CRITICAL] Trying K063
2026-04-10 15:52:38,970 [CRITICAL] What Command: btn_cp_hPa - K063
2026-04-10 15:52:38,970 [CRITICAL] Method: set_btn_cp_hPa_aircraft
2026-04-10 15:52:40,057 [CRITICAL] Data FOUND: b'K163\x00M004\x00M014\x00S001\x00K172\x00K074\x00K175\x00K071\x00'
2026-04-10 15:52:40,057 [CRITICAL] Trying K163M004M014S001K172K074K175K071
2026-04-10 15:52:40,057 [CRITICAL] What Command: btn_fo_hPa - K163M004M014S001K172K074K175K071
2026-04-10 15:52:40,057 [CRITICAL] Method: set_btn_fo_hPa_aircraft
2026-04-10 15:52:40,506 [CRITICAL] CMD ENCODE SENT E0L0149
2026-04-10 15:52:46,762 [CRITICAL] Data FOUND: b'INT1000\x00'
2026-04-10 15:52:46,763 [CRITICAL] Trying INT1000
2026-04-10 15:52:46,763 [CRITICAL] What Command: btn_int1000 - INT1000
2026-04-10 15:52:46,763 [CRITICAL] Method: set_btn_int1000_aircraft
2026-04-10 15:52:48,360 [CRITICAL] CMD ENCODE SENT E0L1149
2026-04-10 15:52:55,386 [CRITICAL] CMD NOT ENCODE SENT E0L0149
2026-04-10 15:52:55,689 [CRITICAL] int() argument must be a string, a bytes-like object or a real number, not 'NoneType'
2026-04-10 15:53:02,359 [CRITICAL] CMD not end eof SENT E0L0149
2026-04-10 15:53:04,979 [CRITICAL] int() argument must be a string, a bytes-like object or a real number, not 'NoneType'
2026-04-10 15:53:07,765 [CRITICAL] CMD not end eof SENT E0L1149
2026-04-10 15:53:11,313 [CRITICAL] CMD NOT ENCODE and not end eof SENT E0L1149
2026-04-10 15:53:14,638 [CRITICAL] 'NoneType' object has no attribute 'get'
